make all --print-data-base --no-builtin-variables --no-builtin-rules --question
# GNU Make 3.81
# Copyright (C) 2006  Free Software Foundation, Inc.
 
# This is free software; see the source for copying conditions.
# There is NO warranty; not even for MERCHANTABILITY or FITNESS FOR A
# PARTICULAR PURPOSE.

# This program built for i386-apple-darwin11.3.0
 

# Make data base, printed on Mon Aug  8 21:57:01 2022

# Variables

# automatic
 
<D = $(patsubst %/,%,$(dir $<))
# automatic
?F = $(notdir $?)
# makefile (from `/usr/local/ps2dev/ps2sdk/samples/Makefile.pref', line 26)
EE_RANLIB = $(EE_TOOL_PREFIX)ranlib
# automatic
?D = $(patsubst %/,%,$(dir $?))
# environment
CPPFLAGS = -I/opt/homebrew/opt/qt@5/include
# makefile (from `/usr/local/ps2dev/ps2sdk/samples/Makefile.eeglobal', line 38)
EE_CXXFLAGS := -D_EE -G0 -O2 -Wall 
# automatic
@D = $(patsubst %/,%,$(dir $@))
# automatic
@F = $(notdir $@)
# makefile
CURDIR := /Users/manoplay/CLionProjects/ps2app
# makefile
SHELL = /bin/sh
# environment
VSCODE_NLS_CONFIG = {"locale":"it","availableLanguages":{"*":"it"},"_languagePackId":"ab4c584458951cae9fe6dd31374e1344.it","_translationsConfigFile":"/Users/manoplay/Library/Application Support/Code/clp/ab4c584458951cae9fe6dd31374e1344.it/tcf.json","_cacheRoot":"/Users/manoplay/Library/Application Support/Code/clp/ab4c584458951cae9fe6dd31374e1344.it","_resolvedLanguagePackCoreLocation":"/Users/manoplay/Library/Application Support/Code/clp/ab4c584458951cae9fe6dd31374e1344.it/da76f93349a72022ca4670c1b84860304616aaa2","_corruptedFile":"/Users/manoplay/Library/Application Support/Code/clp/ab4c584458951cae9fe6dd31374e1344.it/corrupted.info","_languagePackSupport":true}
# environment
_ = /usr/bin/make
# makefile (from `Makefile', line 14)
EE_OBJS = src/main.o
# makefile (from `/usr/local/ps2dev/ps2sdk/samples/Makefile.pref', line 37)
IOP_OBJCOPY = $(IOP_TOOL_PREFIX)objcopy
# makefile (from `/usr/local/ps2dev/ps2sdk/samples/Makefile.eeglobal', line 1)
MAKEFILE_LIST :=  Makefile /usr/local/ps2dev/ps2sdk/samples/Makefile.pref /usr/local/ps2dev/ps2sdk/samples/Makefile.eeglobal
# makefile (from `/usr/local/ps2dev/ps2sdk/samples/Makefile.eeglobal', line 58)
DIR_GUARD = @$(MKDIR) -p $(@D)
# makefile (from `/usr/local/ps2dev/ps2sdk/samples/Makefile.eeglobal', line 54)
EE_C_COMPILE = $(EE_CC) $(EE_CFLAGS) $(EE_INCS)
# makefile (from `/usr/local/ps2dev/ps2sdk/samples/Makefile.pref', line 32)
IOP_TOOL_PREFIX = mipsel-ps2-irx-
# environment
__CFBundleIdentifier = com.microsoft.VSCode
# environment
INFOPATH = /opt/homebrew/share/info:
# makefile (from `/usr/local/ps2dev/ps2sdk/samples/Makefile.pref', line 23)
EE_OBJCOPY = $(EE_TOOL_PREFIX)objcopy
# environment
VSCODE_CWD = /
# makefile (from `/usr/local/ps2dev/ps2sdk/samples/Makefile.eeglobal', line 32)
EE_WARNFLAGS = -Wall
# environment
PATH = /opt/homebrew/opt/qt@5/bin:/opt/local/bin:/opt/local/sbin:/opt/homebrew/bin:/opt/homebrew/sbin:/usr/local/bin:/usr/bin:/bin:/usr/sbin:/sbin:/Applications/VMware Fusion Tech Preview.app/Contents/Public:/usr/local/go/bin:/opt/X11/bin:~/.dotnet/tools:/Library/Apple/usr/bin:/Library/Frameworks/Mono.framework/Versions/Current/Commands:/Users/manoplay/bin:/usr/local/ps2dev/bin:/usr/local/ps2dev/ee/bin:/usr/local/ps2dev/iop/bin:/usr/local/ps2dev/dvp/bin:/usr/local/ps2dev/ps2sdk/bin:/Users/manoplay/bin/flutter/binexport
# environment
PS2DEV = /usr/local/ps2dev
# makefile (from `/usr/local/ps2dev/ps2sdk/samples/Makefile.pref', line 48)
LD = ld
# makefile (from `/usr/local/ps2dev/ps2sdk/samples/Makefile.pref', line 17)
EE_TOOL_PREFIX = mips64r5900el-ps2-elf-
# environment
GSKIT = /usr/local/ps2dev/gsKit
# makefile (from `/usr/local/ps2dev/ps2sdk/samples/Makefile.eeglobal', line 48)
EE_LINKFILE := /usr/local/ps2dev/ps2sdk/ee/startup/linkfile
# makefile (from `/usr/local/ps2dev/ps2sdk/samples/Makefile.pref', line 35)
IOP_LD = $(IOP_TOOL_PREFIX)ld
# makefile (from `/usr/local/ps2dev/ps2sdk/samples/Makefile.pref', line 49)
AR = ar
# environment
ELECTRON_RUN_AS_NODE = 1
# environment
LDFLAGS = -L/opt/homebrew/opt/llvm@13/lib -Wl,-rpath,/opt/homebrew/opt/llvm@13/lib
# default
.FEATURES := target-specific order-only second-expansion else-if archives jobserver check-symlink
# makefile (from `/usr/local/ps2dev/ps2sdk/samples/Makefile.eeglobal', line 13)
LIBM = -lm
# makefile (from `/usr/local/ps2dev/ps2sdk/samples/Makefile.pref', line 59)
ECHO = echo
# makefile (from `/usr/local/ps2dev/ps2sdk/samples/Makefile.pref', line 61)
MAKEREC = $(MAKE) -C
# environment
SSH_AUTH_SOCK = /private/tmp/com.apple.launchd.RQFn822Cch/Listeners
# environment
CPLUS_INCLUDE_PATH = /opt/homebrew/Cellar/molten-vk/1.1.10/molten-vk/include
# automatic
%F = $(notdir $%)
# makefile (from `/usr/local/ps2dev/ps2sdk/samples/Makefile.pref', line 33)
IOP_CC = $(IOP_TOOL_PREFIX)gcc
# makefile (from `/usr/local/ps2dev/ps2sdk/samples/Makefile.pref', line 21)
EE_LD = $(EE_TOOL_PREFIX)ld
# environment
PWD = /Users/manoplay/CLionProjects/ps2app
# makefile (from `/usr/local/ps2dev/ps2sdk/samples/Makefile.pref', line 39)
IOP_ADDR2LINE = $(IOP_TOOL_PREFIX)addr2line
# environment
HOMEBREW_CELLAR = /opt/homebrew/Cellar
 
# environment
PKG_CONFIG_PATH = /opt/homebrew/opt/qt@5/lib/pkgconfig
# environment
ORIGINAL_XDG_CURRENT_DESKTOP = undefined
# makefile (from `/usr/local/ps2dev/ps2sdk/samples/Makefile.eeglobal', line 20)
EXTRA_LDFLAGS = 
# environment
MANPATH = /opt/local/share/man:/opt/homebrew/share/man::
# environment
VSCODE_AMD_ENTRYPOINT = vs/workbench/api/node/extensionHostProcess
# environment
HOME = /Users/manoplay
# makefile (from `/usr/local/ps2dev/ps2sdk/samples/Makefile.pref', line 18)
EE_CC = $(EE_TOOL_PREFIX)gcc
# default
MAKEFILEPATH := /Applications/Xcode.app/Contents/Developer/Makefiles
# environment
VSCODE_CODE_CACHE_PATH = /Users/manoplay/Library/Application Support/Code/CachedData/da76f93349a72022ca4670c1b84860304616aaa2
# environment
LOGNAME = manoplay
# makefile (from `/usr/local/ps2dev/ps2sdk/samples/Makefile.eeglobal', line 41)
EE_LDFLAGS := -L/usr/local/ps2dev/ps2sdk/ee/lib -Wl,-zmax-page-size=128 -L/usr/local/ps2dev/gsKit/lib -lgskit -ldmakit -lgskit_toolkit -lc
# environment
APPLICATION_INSIGHTS_NO_DIAGNOSTIC_CHANNEL = true
# makefile (from `/usr/local/ps2dev/ps2sdk/samples/Makefile.pref', line 25)
EE_ADDR2LINE = $(EE_TOOL_PREFIX)addr2line
# environment
VSCODE_HANDLES_UNCAUGHT_ERRORS = true
# automatic
^D = $(patsubst %/,%,$(dir $^))
# makefile (from `/usr/local/ps2dev/ps2sdk/samples/Makefile.pref', line 57)
MKDIR = mkdir
# environment
XPC_FLAGS = 0x0
# default
MAKE = $(MAKE_COMMAND)
# default
MAKECMDGOALS := all
# makefile (from `/usr/local/ps2dev/ps2sdk/samples/Makefile.pref', line 58)
RMDIR = rmdir
# environment
SHLVL = 1
# makefile (from `/usr/local/ps2dev/ps2sdk/samples/Makefile.pref', line 46)
CC = cc
# makefile (from `/usr/local/ps2dev/ps2sdk/samples/Makefile.pref', line 38)
IOP_STRIP = $(IOP_TOOL_PREFIX)strip
# makefile (from `/usr/local/ps2dev/ps2sdk/samples/Makefile.pref', line 36)
IOP_AR = $(IOP_TOOL_PREFIX)ar
# makefile (from `Makefile', line 13)
EE_BIN = main.elf
# default
MAKE_VERSION := 3.81
# environment
USER = manoplay
# environment
VK_ICD_FILENAMES = /opt/homebrew/Cellar/molten-vk/1.1.10/share/vulkan/icd.d/MoltenVK_icd.json
# makefile (from `/usr/local/ps2dev/ps2sdk/samples/Makefile.eeglobal', line 44)
EE_ASFLAGS := -G0 
# makefile
.DEFAULT_GOAL := all
# makefile (from `/usr/local/ps2dev/ps2sdk/samples/Makefile.eeglobal', line 29)
EE_OPTFLAGS = -O2
# automatic
%D = $(patsubst %/,%,$(dir $%))
# default
MAKE_COMMAND := /Applications/Xcode.app/Contents/Developer/usr/bin/make
# makefile (from `/usr/local/ps2dev/ps2sdk/samples/Makefile.pref', line 24)
EE_STRIP = $(EE_TOOL_PREFIX)strip
# makefile (from `/usr/local/ps2dev/ps2sdk/samples/Makefile.pref', line 22)
EE_AR = $(EE_TOOL_PREFIX)ar
# default
.VARIABLES := 
# environment
TMPDIR = /var/folders/p_/p0srqb914h5bzjqq7b5szkzr0000gn/T/
# automatic
*F = $(notdir $*)
# environment
VSCODE_IPC_HOOK = /Users/manoplay/Library/Application Support/Code/1.70.0-main.sock
# environment
MallocNanoZone = 0
# environment
PS2SDK = /usr/local/ps2dev/ps2sdk
# makefile
MAKEFLAGS = Rrqp
# environment
MFLAGS = -Rrqp
# automatic
*D = $(patsubst %/,%,$(dir $*))
# environment
XPC_SERVICE_NAME = application.com.microsoft.VSCode.51738416.51738422
# makefile (from `/usr/local/ps2dev/ps2sdk/samples/Makefile.pref', line 19)
EE_CXX = $(EE_TOOL_PREFIX)g++
# environment
HOMEBREW_PREFIX = /opt/homebrew
# automatic
+D = $(patsubst %/,%,$(dir $+))
# automatic
+F = $(notdir $+)
# makefile (from `/usr/local/ps2dev/ps2sdk/samples/Makefile.pref', line 47)
AS = as
# makefile (from `/usr/local/ps2dev/ps2sdk/samples/Makefile.pref', line 51)
STRIP = strip
# environment
HOMEBREW_REPOSITORY = /opt/homebrew
# environment
__CF_USER_TEXT_ENCODING = 0x1F5:0x0:0x4
# environment
COMMAND_MODE = unix2003
# default
MAKEFILES := 
# automatic
<F = $(notdir $<)
# makefile (from `/usr/local/ps2dev/ps2sdk/samples/Makefile.pref', line 34)
IOP_AS = $(IOP_TOOL_PREFIX)as
# environment
LC_ALL = C
# makefile (from `/usr/local/ps2dev/ps2sdk/samples/Makefile.eeglobal', line 12)
LIBC = -lc
# makefile (from `/usr/local/ps2dev/ps2sdk/samples/Makefile.eeglobal', line 26)
EE_INCS := -I/usr/local/ps2dev/ps2sdk/ee/include -I/usr/local/ps2dev/ps2sdk/common/include -I. -I/usr/local/ps2dev/gsKit/include
# automatic
^F = $(notdir $^)
# makefile (from `/usr/local/ps2dev/ps2sdk/samples/Makefile.pref', line 50)
OBJCOPY = objcopy
# default
SUFFIXES := 
# makefile (from `/usr/local/ps2dev/ps2sdk/samples/Makefile.eeglobal', line 55)
EE_CXX_COMPILE = $(EE_CXX) $(EE_CXXFLAGS) $(EE_INCS)
# makefile (from `/usr/local/ps2dev/ps2sdk/samples/Makefile.eeglobal', line 10)
NODEFAULTLIBS = 0
# default
.INCLUDE_DIRS = /usr/local/include
# makefile (from `/usr/local/ps2dev/ps2sdk/samples/Makefile.pref', line 20)
EE_AS = $(EE_TOOL_PREFIX)as
# makefile (from `Makefile', line 11)
EE_LIB_DIRS = -L$(GSKIT)/lib
# environment
MAKELEVEL := 0
# environment
VULKAN_SDK = /opt/homebrew/Cellar/molten-vk/1.1.10
# makefile (from `/usr/local/ps2dev/ps2sdk/samples/Makefile.pref', line 40)
IOP_RANLIB = $(IOP_TOOL_PREFIX)ranlib
# environment
LANG = C
# environment
VSCODE_PID = 41412
# makefile (from `/usr/local/ps2dev/ps2sdk/samples/Makefile.eeglobal', line 35)
EE_CFLAGS := -D_EE -G0 -O2 -Wall 
# variable set hash-table stats:
# Load=119/1024=12%, Rehash=0, Collisions=12/209=6%

# Pattern-specific Variable Values

# No pattern-specific variable values.

# Directories

# . (device 16777231, inode 51612802): 8 files, no impossibilities.
# src (device 16777231, inode 51613183): 4 files, no impossibilities so far.

# 12 files, no impossibilities in 2 directories.

# Implicit Rules

%.o: %.c
#  commands to execute (from `/usr/local/ps2dev/ps2sdk/samples/Makefile.eeglobal', line 61):
	$(DIR_GUARD)
	$(EE_CC) $(EE_CFLAGS) $(EE_INCS) -c $< -o $@
	

%.o: %.cc
#  commands to execute (from `/usr/local/ps2dev/ps2sdk/samples/Makefile.eeglobal', line 65):
	$(DIR_GUARD)
	$(EE_CXX) $(EE_CXXFLAGS) $(EE_INCS) -c $< -o $@
	

%.o: %.cpp
#  commands to execute (from `/usr/local/ps2dev/ps2sdk/samples/Makefile.eeglobal', line 69):
	$(DIR_GUARD)
	$(EE_CXX) $(EE_CXXFLAGS) $(EE_INCS) -c $< -o $@
	

%.o: %.S
#  commands to execute (from `/usr/local/ps2dev/ps2sdk/samples/Makefile.eeglobal', line 73):
	$(DIR_GUARD)
	$(EE_CC) $(EE_CFLAGS) $(EE_INCS) -c $< -o $@
	

%.o: %.s
#  commands to execute (from `/usr/local/ps2dev/ps2sdk/samples/Makefile.eeglobal', line 77):
	$(DIR_GUARD)
	$(EE_AS) $(EE_ASFLAGS) $< -o $@
	

# 5 implicit rules, 0 (0.0%) terminal.

# Files

main.elf: src/main.o
#  Implicit rule search has not been done.
#  Last modified 2022-08-08 21:56:57
#  File has been updated.
#  Successfully updated.
# variable set hash-table stats:
 
# Load=0/32=0%, Rehash=0, Collisions=0/0=0%
#  commands to execute (from `/usr/local/ps2dev/ps2sdk/samples/Makefile.eeglobal', line 81):
	$(DIR_GUARD)
	$(EE_CC) -T$(EE_LINKFILE) $(EE_OPTFLAGS) -o $(EE_BIN) $(EE_OBJS) $(EE_LDFLAGS) $(EXTRA_LDFLAGS) $(EE_LIBS)
	

# Not a target:
/usr/local/ps2dev/ps2sdk/samples/Makefile.eeglobal:
#  Implicit rule search has been done.
#  Last modified 2022-08-08 21:33:55
#  File has been updated.
#  Successfully updated.
# variable set hash-table stats:
# Load=0/32=0%, Rehash=0, Collisions=0/0=0%

all: main.elf
#  Command-line target.
#  Implicit rule search has been done.
#  File does not exist.
#  File has been updated.
#  Successfully updated.
# variable set hash-table stats:
# Load=0/32=0%, Rehash=0, Collisions=0/0=0%

src/main.o: src/main.c
#  Implicit rule search has been done.
#  Implicit/static pattern stem: `src/main'
#  Last modified 2022-08-08 21:53:28
#  File has been updated.
#  Successfully updated.
# variable set hash-table stats:
# Load=0/32=0%, Rehash=0, Collisions=0/0=0%
#  commands to execute (from `/usr/local/ps2dev/ps2sdk/samples/Makefile.eeglobal', line 61):
	$(DIR_GUARD)
	$(EE_CC) $(EE_CFLAGS) $(EE_INCS) -c $< -o $@
	

# Not a target:
.SUFFIXES:
#  Implicit rule search has not been done.
#  Modification time never checked.
#  File has not been updated.

# Not a target:
Makefile:
#  Implicit rule search has been done.
#  Last modified 2022-08-08 21:56:56
#  File has been updated.
#  Successfully updated.
# variable set hash-table stats:
# Load=0/32=0%, Rehash=0, Collisions=0/0=0%

# Not a target:
src/Main.c:
#  Implicit rule search has been done.
#  Last modified 2022-08-08 21:51:27
#  File has been updated.
#  Successfully updated.
# variable set hash-table stats:
# Load=0/32=0%, Rehash=0, Collisions=0/0=0%

# Not a target:
/usr/local/ps2dev/ps2sdk/samples/Makefile.pref:
#  Implicit rule search has been done.
#  Last modified 2022-08-08 11:09:34
#  File has been updated.
#  Successfully updated.
# variable set hash-table stats:
# Load=0/32=0%, Rehash=0, Collisions=0/0=0%

# Not a target:
.DEFAULT:
#  Implicit rule search has not been done.
#  Modification time never checked.
#  File has not been updated.

# files hash-table stats:
# Load=9/1024=1%, Rehash=0, Collisions=0/29=0%
# VPATH Search Paths

# No `vpath' search paths.

# No general (`VPATH' variable) search path.

# # of strings in strcache: 3
# # of strcache buffers: 1
# strcache size: total = 4096 / max = 4096 / min = 4096 / avg = 4096
# strcache free: total = 3989 / max = 3989 / min = 3989 / avg = 3989

# Finished Make data base on Mon Aug  8 21:57:01 2022

 
